#
# A fatal error has been detected by the Java Runtime Environment:
#
#  SIGSEGV (0xb) at pc=0x0000000100bd5e1c, pid=87046, tid=0x0000000000001203
#
# JRE version: Java(TM) SE Runtime Environment (8.0_251-b08) (build 1.8.0_251-b08)
# Java VM: Java HotSpot(TM) 64-Bit Server VM (25.251-b08 mixed mode bsd-amd64 compressed oops)
# Problematic frame:
# V  [libjvm.dylib+0x322e1c]  jni_GetByteArrayElements+0x40
#
# Failed to write core dump. Core dumps have been disabled. To enable core dumping, try "ulimit -c unlimited" before starting Java again
#
# If you would like to submit a bug report, please visit:
#   http://bugreport.java.com/bugreport/crash.jsp
#

---------------  T H R E A D  ---------------

Current thread (0x00007fc20100c800):  JavaThread "main" [_thread_in_vm, id=4611, stack(0x000070000d5e2000,0x000070000d6e2000)]

siginfo: si_signo: 11 (SIGSEGV), si_code: 1 (SEGV_MAPERR), si_addr: 0x0000000000000000

Registers:
RAX=0x00000001011b4e90, RBX=0x0000000000000000, RCX=0x00000001010e45e0, RDX=0x0000000000000000
RSP=0x000070000d6e1650, RBP=0x000070000d6e16a0, RSI=0x0000000000000000, RDI=0x00007fc20100c9f8
R8 =0x0000000000000000, R9 =0x000000076b280508, R10=0x0000000000000006, R11=0x00000001011b50b8
R12=0x0000000000000000, R13=0x0000000122c21770, R14=0x0000000000000000, R15=0x00007fc20100c9f8
RIP=0x0000000100bd5e1c, EFLAGS=0x0000000000010246, ERR=0x0000000000000004
  TRAPNO=0x000000000000000e

Top of Stack: (sp=0x000070000d6e1650)
0x000070000d6e1650:   00007fc20100c800 00000001009f63ca
0x000070000d6e1660:   0000000122c21778 0000000122c21778
0x000070000d6e1670:   000070000d6e16e0 0000000124cc3046
0x000070000d6e1680:   0000000122c21778 0000000000000000
0x000070000d6e1690:   000070000d6e1798 00007fc20100c800
0x000070000d6e16a0:   000070000d6e16f0 0000000124cc38c7
0x000070000d6e16b0:   00007fc20100c800 0000000122c21778
0x000070000d6e16c0:   0000000122c21778 00007fc2028a1600
0x000070000d6e16d0:   0000000000000000 0000000040000000
0x000070000d6e16e0:   000070000d6e1798 00007fc20100c9f8
0x000070000d6e16f0:   000070000d6e1760 000000010a818667
0x000070000d6e1700:   000070000d6e1760 000000010a8183b9
0x000070000d6e1710:   0000000122c08180 000000010a818382
0x000070000d6e1720:   000070000d6e1720 0000000122c21770
0x000070000d6e1730:   000070000d6e1798 0000000122c24470
0x000070000d6e1740:   0000000000000000 0000000122c21778
0x000070000d6e1750:   0000000000000000 000070000d6e1780
0x000070000d6e1760:   000070000d6e17e0 000000010a8082bd
0x000070000d6e1770:   0000000000000000 000000010a811d18
0x000070000d6e1780:   0000000000000000 0000000040000000
0x000070000d6e1790:   0000000122c3b618 000000076b280508
0x000070000d6e17a0:   000070000d6e17a0 0000000122c08146
0x000070000d6e17b0:   000070000d6e1808 0000000122c093c8
0x000070000d6e17c0:   0000000000000000 0000000122c08180
0x000070000d6e17d0:   000070000d6e1780 000070000d6e17f0
0x000070000d6e17e0:   000070000d6e1850 000000010a808302
0x000070000d6e17f0:   0000000000000000 0000000040000000
0x000070000d6e1800:   000000010a808114 000000076adc4220
0x000070000d6e1810:   000070000d6e1810 0000000122c3c01e
0x000070000d6e1820:   000070000d6e1890 0000000122c3c550
0x000070000d6e1830:   0000000000000000 0000000122c3c078
0x000070000d6e1840:   000070000d6e17f0 000070000d6e1870 

Instructions: (pc=0x0000000100bd5e1c)
0x0000000100bd5dfc:   48 89 45 b0 48 8d 7d b0 be 06 00 00 00 e8 36 7a
0x0000000100bd5e0c:   e4 ff 4c 89 ff 4c 89 f6 48 89 da 90 0f 1f 40 00
0x0000000100bd5e1c:   4d 8b 36 48 8d 05 0e 42 5d 00 80 38 00 0f 94 c0
0x0000000100bd5e2c:   0f b6 c0 4d 63 7c 86 0c 4d 85 ff 75 0a e8 8a 47 

Register to memory mapping:

RAX=0x00000001011b4e90: _ZN20SafepointSynchronize6_stateE+0 in /Library/Java/JavaVirtualMachines/jdk1.8.0_251.jdk/Contents/Home/jre/lib/server/libjvm.dylib at 0x00000001008b3000
RBX=0x0000000000000000 is an unknown value
RCX=0x00000001010e45e0: UseMembar+0 in /Library/Java/JavaVirtualMachines/jdk1.8.0_251.jdk/Contents/Home/jre/lib/server/libjvm.dylib at 0x00000001008b3000
RDX=0x0000000000000000 is an unknown value
RSP=0x000070000d6e1650 is pointing into the stack for thread: 0x00007fc20100c800
RBP=0x000070000d6e16a0 is pointing into the stack for thread: 0x00007fc20100c800
RSI=0x0000000000000000 is an unknown value
RDI=0x00007fc20100c9f8 is an unknown value
R8 =0x0000000000000000 is an unknown value
R9 =0x000000076b280508 is an oop
unicorn.Unicorn 
 - klass: 'unicorn/Unicorn'
R10=0x0000000000000006 is an unknown value
R11=0x00000001011b50b8: _ZN20SafepointSynchronize18_safepoint_counterE+0 in /Library/Java/JavaVirtualMachines/jdk1.8.0_251.jdk/Contents/Home/jre/lib/server/libjvm.dylib at 0x00000001008b3000
R12=0x0000000000000000 is an unknown value
R13=0x0000000122c21770 is pointing into metadata
R14=0x0000000000000000 is an unknown value
R15=0x00007fc20100c9f8 is an unknown value


Stack: [0x000070000d5e2000,0x000070000d6e2000],  sp=0x000070000d6e1650,  free space=1021k
Native frames: (J=compiled Java code, j=interpreted, Vv=VM code, C=native code)
V  [libjvm.dylib+0x322e1c]  jni_GetByteArrayElements+0x40
C  [libunicorn_java.dylib+0x18c7]  Java_unicorn_Unicorn_mem_1write+0x47
j  unicorn.Unicorn.mem_write(J[B)V+0
j  com.bxlong.xxdbg.backend.unicorn.UnicornBackend.mem_write(J[B)V+6
j  com.bxlong.xxdbg.android.linker.Linker.mmap(JI[B)J+38
j  com.bxlong.xxdbg.android.linker.Linker.loadLibrary(Ljava/io/File;)V+219
j  com.bxlong.xxdbg.memory.Memory.loadLibrary(Ljava/io/File;)V+5
j  com.bxlong.xxdbg.AndroidEmulateTest.main([Ljava/lang/String;)V+33
v  ~StubRoutines::call_stub
V  [libjvm.dylib+0x2f09b2]  JavaCalls::call_helper(JavaValue*, methodHandle*, JavaCallArguments*, Thread*)+0x6ae
V  [libjvm.dylib+0x32787d]  jni_invoke_static(JNIEnv_*, JavaValue*, _jobject*, JNICallType, _jmethodID*, JNI_ArgumentPusher*, Thread*)+0x1bf
V  [libjvm.dylib+0x320609]  jni_CallStaticVoidMethod+0x15d
C  [java+0x38c6]  JavaMain+0x9c4
C  [libsystem_pthread.dylib+0x6950]  _pthread_start+0xe0
C  [libsystem_pthread.dylib+0x247b]  thread_start+0xf
C  0x0000000000000000

Java frames: (J=compiled Java code, j=interpreted, Vv=VM code)
j  unicorn.Unicorn.mem_write(J[B)V+0
j  com.bxlong.xxdbg.backend.unicorn.UnicornBackend.mem_write(J[B)V+6
j  com.bxlong.xxdbg.android.linker.Linker.mmap(JI[B)J+38
j  com.bxlong.xxdbg.android.linker.Linker.loadLibrary(Ljava/io/File;)V+219
j  com.bxlong.xxdbg.memory.Memory.loadLibrary(Ljava/io/File;)V+5
j  com.bxlong.xxdbg.AndroidEmulateTest.main([Ljava/lang/String;)V+33
v  ~StubRoutines::call_stub

---------------  P R O C E S S  ---------------

Java Threads: ( => current thread )
  0x00007fc20206d000 JavaThread "Attach Listener" daemon [_thread_blocked, id=26115, stack(0x000070000f84b000,0x000070000f94b000)]
  0x00007fc20600b800 JavaThread "Service Thread" daemon [_thread_blocked, id=40195, stack(0x000070000f645000,0x000070000f745000)]
  0x00007fc202020800 JavaThread "C1 CompilerThread11" daemon [_thread_blocked, id=40451, stack(0x000070000f542000,0x000070000f642000)]
  0x00007fc20083b000 JavaThread "C1 CompilerThread10" daemon [_thread_blocked, id=24835, stack(0x000070000f43f000,0x000070000f53f000)]
  0x00007fc20083a800 JavaThread "C1 CompilerThread9" daemon [_thread_blocked, id=24579, stack(0x000070000f33c000,0x000070000f43c000)]
  0x00007fc200827000 JavaThread "C1 CompilerThread8" daemon [_thread_blocked, id=41219, stack(0x000070000f239000,0x000070000f339000)]
  0x00007fc200826000 JavaThread "C2 CompilerThread7" daemon [_thread_blocked, id=24067, stack(0x000070000f136000,0x000070000f236000)]
  0x00007fc201024000 JavaThread "C2 CompilerThread6" daemon [_thread_blocked, id=23811, stack(0x000070000f033000,0x000070000f133000)]
  0x00007fc202862800 JavaThread "C2 CompilerThread5" daemon [_thread_blocked, id=23299, stack(0x000070000ef30000,0x000070000f030000)]
  0x00007fc200825800 JavaThread "C2 CompilerThread4" daemon [_thread_blocked, id=41987, stack(0x000070000ee2d000,0x000070000ef2d000)]
  0x00007fc200809000 JavaThread "C2 CompilerThread3" daemon [_thread_blocked, id=42243, stack(0x000070000ed2a000,0x000070000ee2a000)]
  0x00007fc20201f000 JavaThread "C2 CompilerThread2" daemon [_thread_blocked, id=42755, stack(0x000070000ec27000,0x000070000ed27000)]
  0x00007fc20201e800 JavaThread "C2 CompilerThread1" daemon [_thread_blocked, id=22787, stack(0x000070000eb24000,0x000070000ec24000)]
  0x00007fc20201d800 JavaThread "C2 CompilerThread0" daemon [_thread_blocked, id=43267, stack(0x000070000ea21000,0x000070000eb21000)]
  0x00007fc20201c000 JavaThread "Monitor Ctrl-Break" daemon [_thread_in_native, id=22019, stack(0x000070000e91e000,0x000070000ea1e000)]
  0x00007fc20100f800 JavaThread "Signal Dispatcher" daemon [_thread_blocked, id=14851, stack(0x000070000e81b000,0x000070000e91b000)]
  0x00007fc202017800 JavaThread "Finalizer" daemon [_thread_blocked, id=12291, stack(0x000070000e612000,0x000070000e712000)]
  0x00007fc202014800 JavaThread "Reference Handler" daemon [_thread_blocked, id=12035, stack(0x000070000e50f000,0x000070000e60f000)]
=>0x00007fc20100c800 JavaThread "main" [_thread_in_vm, id=4611, stack(0x000070000d5e2000,0x000070000d6e2000)]

Other Threads:
  0x00007fc200825000 VMThread [stack: 0x000070000e40c000,0x000070000e50c000] [id=17411]
  0x00007fc20600b000 WatcherThread [stack: 0x000070000f748000,0x000070000f848000] [id=25603]

VM state:not at safepoint (normal execution)

VM Mutex/Monitor currently owned by a thread: None

heap address: 0x00000006c0000000, size: 4096 MB, Compressed Oops mode: Zero based, Oop shift amount: 3
Narrow klass base: 0x0000000000000000, Narrow klass shift: 3
Compressed class space size: 1073741824 Address: 0x00000007c0000000

Heap:
 PSYoungGen      total 76288K, used 17254K [0x000000076ab00000, 0x0000000770000000, 0x00000007c0000000)
  eden space 65536K, 26% used [0x000000076ab00000,0x000000076bbd9a98,0x000000076eb00000)
  from space 10752K, 0% used [0x000000076f580000,0x000000076f580000,0x0000000770000000)
  to   space 10752K, 0% used [0x000000076eb00000,0x000000076eb00000,0x000000076f580000)
 ParOldGen       total 175104K, used 0K [0x00000006c0000000, 0x00000006cab00000, 0x000000076ab00000)
  object space 175104K, 0% used [0x00000006c0000000,0x00000006c0000000,0x00000006cab00000)
 Metaspace       used 4698K, capacity 4992K, committed 5248K, reserved 1056768K
  class space    used 523K, capacity 560K, committed 640K, reserved 1048576K

Card table byte_map: [0x0000000119800000,0x000000011a001000] byte_map_base: 0x0000000116200000

Marking Bits: (ParMarkBitMap*) 0x00000001011b3f60
 Begin Bits: [0x000000011a001000, 0x000000011e001000)
 End Bits:   [0x000000011e001000, 0x0000000122001000)

Polling page: 0x00000001018b5000

CodeCache: size=245760Kb used=3517Kb max_used=3517Kb free=242242Kb
 bounds [0x000000010a800000, 0x000000010ab80000, 0x0000000119800000]
 total_blobs=530 nmethods=248 adapters=193
 compilation: enabled

Compilation events (10 events):
Event: 1.123 Thread 0x00007fc200827000  243       3       net.fornwall.jelf.com.bxlong.elf.BackingFile::readUnsignedByte (58 bytes)
Event: 1.123 Thread 0x00007fc20083b000 nmethod 241 0x000000010ab48ed0 code [0x000000010ab49040, 0x000000010ab49390]
Event: 1.123 Thread 0x00007fc202020800 nmethod 242 0x000000010ab3d8d0 code [0x000000010ab3da40, 0x000000010ab3dbe8]
Event: 1.123 Thread 0x00007fc20201d800  244  s    4       java.lang.StringBuffer::append (13 bytes)
Event: 1.123 Thread 0x00007fc200827000 nmethod 243 0x000000010ab49490 code [0x000000010ab49640, 0x000000010ab49a48]
Event: 1.123 Thread 0x00007fc200827000  245       3       java.util.Properties::saveConvert (434 bytes)
Event: 1.123 Thread 0x00007fc20083b000  248       3       java.util.Hashtable$Enumerator::hasMoreElements (53 bytes)
Event: 1.123 Thread 0x00007fc202020800  246       3       java.lang.StringBuffer::<init> (6 bytes)
Event: 1.123 Thread 0x00007fc202020800 nmethod 246 0x000000010ab49bd0 code [0x000000010ab49d40, 0x000000010ab49ff0]
Event: 1.123 Thread 0x00007fc202020800  247  s    3       java.lang.StringBuffer::toString (36 bytes)

GC Heap History (0 events):
No events

Deoptimization events (0 events):
No events

Classes redefined (0 events):
No events

Internal exceptions (9 events):
Event: 0.026 Thread 0x00007fc20100c800 Exception <a 'java/lang/NoSuchMethodError': Method sun.misc.Unsafe.defineClass(Ljava/lang/String;[BII)Ljava/lang/Class; name or signature does not match> (0x000000076ab07cc0) thrown at [/jenkins/workspace/8-2-build-macosx-x86_64/jdk8u251/737/hotspot/src/s
Event: 0.026 Thread 0x00007fc20100c800 Exception <a 'java/lang/NoSuchMethodError': Method sun.misc.Unsafe.prefetchRead(Ljava/lang/Object;J)V name or signature does not match> (0x000000076ab07fa8) thrown at [/jenkins/workspace/8-2-build-macosx-x86_64/jdk8u251/737/hotspot/src/share/vm/prims/jni.
Event: 0.079 Thread 0x00007fc20100c800 Exception <a 'java/security/PrivilegedActionException'> (0x000000076abe2e90) thrown at [/jenkins/workspace/8-2-build-macosx-x86_64/jdk8u251/737/hotspot/src/share/vm/prims/jvm.cpp, line 1502]
Event: 0.079 Thread 0x00007fc20100c800 Exception <a 'java/security/PrivilegedActionException'> (0x000000076abe30a0) thrown at [/jenkins/workspace/8-2-build-macosx-x86_64/jdk8u251/737/hotspot/src/share/vm/prims/jvm.cpp, line 1502]
Event: 0.126 Thread 0x00007fc20100c800 Exception <a 'java/security/PrivilegedActionException'> (0x000000076b1a87a0) thrown at [/jenkins/workspace/8-2-build-macosx-x86_64/jdk8u251/737/hotspot/src/share/vm/prims/jvm.cpp, line 1502]
Event: 0.126 Thread 0x00007fc20100c800 Exception <a 'java/security/PrivilegedActionException'> (0x000000076b1a89b0) thrown at [/jenkins/workspace/8-2-build-macosx-x86_64/jdk8u251/737/hotspot/src/share/vm/prims/jvm.cpp, line 1502]
Event: 0.126 Thread 0x00007fc20100c800 Exception <a 'java/security/PrivilegedActionException'> (0x000000076b1abce0) thrown at [/jenkins/workspace/8-2-build-macosx-x86_64/jdk8u251/737/hotspot/src/share/vm/prims/jvm.cpp, line 1502]
Event: 0.126 Thread 0x00007fc20100c800 Exception <a 'java/security/PrivilegedActionException'> (0x000000076b1abef0) thrown at [/jenkins/workspace/8-2-build-macosx-x86_64/jdk8u251/737/hotspot/src/share/vm/prims/jvm.cpp, line 1502]
Event: 0.127 Thread 0x00007fc20100c800 Exception <a 'java/lang/NoClassDefFoundError': org/slf4j/impl/StaticLoggerBinder> (0x000000076b1b55d8) thrown at [/jenkins/workspace/8-2-build-macosx-x86_64/jdk8u251/737/hotspot/src/share/vm/classfile/systemDictionary.cpp, line 199]

Events (10 events):
Event: 1.122 loading class sun/util/locale/provider/LocaleResources$ResourceReference
Event: 1.122 loading class sun/util/locale/provider/LocaleResources$ResourceReference done
Event: 1.122 loading class net/fornwall/jelf/ElfFile$2
Event: 1.122 loading class net/fornwall/jelf/ElfFile$2 done
Event: 1.122 loading class net/fornwall/jelf/ElfSegment
Event: 1.122 loading class net/fornwall/jelf/ElfSegment done
Event: 1.122 loading class net/fornwall/jelf/ElfSegment$1
Event: 1.122 loading class net/fornwall/jelf/ElfSegment$1 done
Event: 1.123 loading class com/bxlong/xxdbg/backend/arm/Arm
Event: 1.123 loading class com/bxlong/xxdbg/backend/arm/Arm done


Dynamic libraries:
0x00007fff34fee000 	/System/Library/Frameworks/Cocoa.framework/Versions/A/Cocoa
0x00007fff2222b000 	/System/Library/Frameworks/Security.framework/Versions/A/Security
0x00007fff331ed000 	/System/Library/Frameworks/ApplicationServices.framework/Versions/A/ApplicationServices
0x00007fff2a4b0000 	/usr/lib/libz.1.dylib
0x00007fff2a578000 	/usr/lib/libSystem.B.dylib
0x00007fff20213000 	/usr/lib/libobjc.A.dylib
0x00007fff203f3000 	/System/Library/Frameworks/CoreFoundation.framework/Versions/A/CoreFoundation
0x00007fff211a0000 	/System/Library/Frameworks/Foundation.framework/Versions/C/Foundation
0x00007fff22c51000 	/System/Library/Frameworks/AppKit.framework/Versions/C/AppKit
0x00007fff25ae7000 	/System/Library/Frameworks/CoreData.framework/Versions/A/CoreData
0x00007fff239b4000 	/System/Library/PrivateFrameworks/UIFoundation.framework/Versions/A/UIFoundation
0x00007fff2fbd1000 	/System/Library/PrivateFrameworks/RemoteViewServices.framework/Versions/A/RemoteViewServices
0x00007fff289da000 	/System/Library/PrivateFrameworks/XCTTargetBootstrap.framework/Versions/A/XCTTargetBootstrap
0x00007fff2b6b7000 	/usr/lib/libspindump.dylib
0x00007fff23c08000 	/System/Library/Frameworks/UniformTypeIdentifiers.framework/Versions/A/UniformTypeIdentifiers
0x00007fff271b1000 	/usr/lib/libapp_launch_measurement.dylib
0x00007fff271b4000 	/System/Library/PrivateFrameworks/CoreAutoLayout.framework/Versions/A/CoreAutoLayout
0x00007fff2833c000 	/System/Library/Frameworks/Metal.framework/Versions/A/Metal
0x00007fff2902b000 	/usr/lib/liblangid.dylib
0x00007fff289de000 	/System/Library/PrivateFrameworks/CoreSVG.framework/Versions/A/CoreSVG
0x00007fff24bef000 	/System/Library/PrivateFrameworks/SkyLight.framework/Versions/A/SkyLight
0x00007fff24f55000 	/System/Library/Frameworks/CoreGraphics.framework/Versions/A/CoreGraphics
0x00007fff30228000 	/System/Library/Frameworks/Accelerate.framework/Versions/A/Accelerate
0x00007fff2b0f2000 	/System/Library/PrivateFrameworks/IconServices.framework/Versions/A/IconServices
0x00007fff28321000 	/System/Library/Frameworks/IOSurface.framework/Versions/A/IOSurface
0x00007fff26470000 	/usr/lib/libDiagnosticMessagesClient.dylib
0x00007fff289c6000 	/System/Library/PrivateFrameworks/DFRFoundation.framework/Versions/A/DFRFoundation
0x00007fff2257d000 	/usr/lib/libicucore.A.dylib
0x00007fff2cbf9000 	/System/Library/Frameworks/AudioToolbox.framework/Versions/A/AudioToolbox
0x00007fff2be9f000 	/System/Library/PrivateFrameworks/DataDetectorsCore.framework/Versions/A/DataDetectorsCore
0x00007fff286c6000 	/System/Library/Frameworks/Carbon.framework/Versions/A/Frameworks/HIToolbox.framework/Versions/A/HIToolbox
0x00007fff26c09000 	/System/Library/Frameworks/QuartzCore.framework/Versions/A/QuartzCore
0x00007fff2fc0d000 	/System/Library/Frameworks/Carbon.framework/Versions/A/Frameworks/SpeechRecognition.framework/Versions/A/SpeechRecognition
0x00007fff26f19000 	/System/Library/PrivateFrameworks/CoreUI.framework/Versions/A/CoreUI
0x00007fff21b87000 	/System/Library/Frameworks/CoreAudio.framework/Versions/A/CoreAudio
0x00007fff2655b000 	/System/Library/Frameworks/DiskArbitration.framework/Versions/A/DiskArbitration
0x00007fff2bab2000 	/System/Library/PrivateFrameworks/MultitouchSupport.framework/Versions/A/MultitouchSupport
0x00007fff2be96000 	/System/Library/PrivateFrameworks/InternationalSupport.framework/Versions/A/InternationalSupport
0x00007fff24b63000 	/usr/lib/libenergytrace.dylib
0x00007fff22b4b000 	/System/Library/Frameworks/IOKit.framework/Versions/A/IOKit
0x00007fff2ff5a000 	/System/Library/Frameworks/CoreServices.framework/Versions/A/CoreServices
0x00007fff27147000 	/System/Library/PrivateFrameworks/PerformanceAnalysis.framework/Versions/A/PerformanceAnalysis
0x00007fff6c857000 	/System/Library/Frameworks/OpenGL.framework/Versions/A/OpenGL
0x00007fff2bf1b000 	/System/Library/PrivateFrameworks/UserActivity.framework/Versions/A/UserActivity
0x00007fff255e9000 	/System/Library/Frameworks/ColorSync.framework/Versions/A/ColorSync
0x00007fff28c42000 	/System/Library/Frameworks/CoreImage.framework/Versions/A/CoreImage
0x00007fff2199e000 	/System/Library/Frameworks/CoreText.framework/Versions/A/CoreText
0x00007fff28a08000 	/System/Library/Frameworks/ImageIO.framework/Versions/A/ImageIO
0x00007fff2a57e000 	/System/Library/PrivateFrameworks/SoftLinking.framework/Versions/A/SoftLinking
0x00007fff271fd000 	/usr/lib/libxml2.2.dylib
0x00007fff202d8000 	/usr/lib/libc++.1.dylib
0x00007fff2a7f0000 	/usr/lib/libcompression.dylib
0x00007fff24b64000 	/usr/lib/libMobileGestalt.dylib
0x00007fff2bdc9000 	/System/Library/PrivateFrameworks/TextureIO.framework/Versions/A/TextureIO
0x00007fff2ae15000 	/usr/lib/libate.dylib
0x00007fff2a572000 	/usr/lib/system/libcache.dylib
0x00007fff2a52e000 	/usr/lib/system/libcommonCrypto.dylib
0x00007fff2a558000 	/usr/lib/system/libcompiler_rt.dylib
0x00007fff2a54d000 	/usr/lib/system/libcopyfile.dylib
0x00007fff20102000 	/usr/lib/system/libcorecrypto.dylib
0x00007fff201ce000 	/usr/lib/system/libdispatch.dylib
0x00007fff20382000 	/usr/lib/system/libdyld.dylib
0x00007fff2a569000 	/usr/lib/system/libkeymgr.dylib
0x00007fff2d9ab000 	/usr/lib/system/liblaunch.dylib
0x00007fff2a50c000 	/usr/lib/system/libmacho.dylib
0x00007fff29d27000 	/usr/lib/system/libquarantine.dylib
0x00007fff2a566000 	/usr/lib/system/libremovefile.dylib
0x00007fff24bc0000 	/usr/lib/system/libsystem_asl.dylib
0x00007fff200b2000 	/usr/lib/system/libsystem_blocks.dylib
0x00007fff2024f000 	/usr/lib/system/libsystem_c.dylib
0x00007fff2a560000 	/usr/lib/system/libsystem_collections.dylib
0x00007fff2901c000 	/usr/lib/system/libsystem_configuration.dylib
0x00007fff28310000 	/usr/lib/system/libsystem_containermanager.dylib
0x00007fff2a2a8000 	/usr/lib/system/libsystem_coreservices.dylib
0x00007fff227df000 	/usr/lib/system/libsystem_darwin.dylib
0x00007fff2a56a000 	/usr/lib/system/libsystem_dnssd.dylib
0x00007fff2024c000 	/usr/lib/system/libsystem_featureflags.dylib
0x00007fff203c7000 	/usr/lib/system/libsystem_info.dylib
0x00007fff2a4c3000 	/usr/lib/system/libsystem_m.dylib
0x00007fff201a1000 	/usr/lib/system/libsystem_malloc.dylib
0x00007fff24b54000 	/usr/lib/system/libsystem_networkextension.dylib
0x00007fff22bf9000 	/usr/lib/system/libsystem_notify.dylib
0x00007fff2fe58000 	/usr/lib/system/libsystem_product_info_filter.dylib
0x00007fff29020000 	/usr/lib/system/libsystem_sandbox.dylib
0x00007fff2a563000 	/usr/lib/system/libsystem_secinit.dylib
0x00007fff20347000 	/usr/lib/system/libsystem_kernel.dylib
0x00007fff203bd000 	/usr/lib/system/libsystem_platform.dylib
0x00007fff20376000 	/usr/lib/system/libsystem_pthread.dylib
0x00007fff262be000 	/usr/lib/system/libsystem_symptoms.dylib
0x00007fff200ea000 	/usr/lib/system/libsystem_trace.dylib
0x00007fff2a53a000 	/usr/lib/system/libunwind.dylib
0x00007fff200b4000 	/usr/lib/system/libxpc.dylib
0x00007fff2032e000 	/usr/lib/libc++abi.dylib
0x00007fff2a545000 	/usr/lib/liboah.dylib
0x00007fff2abfb000 	/usr/lib/liblzma.5.dylib
0x00007fff20eb4000 	/System/Library/Frameworks/SystemConfiguration.framework/Versions/A/SystemConfiguration
0x00007fff2a57a000 	/usr/lib/libfakelink.dylib
0x00007fff246b6000 	/System/Library/Frameworks/CFNetwork.framework/Versions/A/CFNetwork
0x00007fff2a6ba000 	/usr/lib/libarchive.2.dylib
0x00007fff20f32000 	/usr/lib/libCRFSuite.dylib
0x00007fff29d4e000 	/usr/lib/libbsm.0.dylib
0x00007fff24072000 	/usr/lib/libnetwork.dylib
0x00007fff2a57f000 	/usr/lib/libpcap.A.dylib
0x00007fff262b7000 	/usr/lib/libdns_services.dylib
0x00007fff2ac14000 	/usr/lib/libcoretls_cfhelpers.dylib
0x00007fff2a7be000 	/usr/lib/libapple_nghttp2.dylib
0x00007fff2a512000 	/usr/lib/system/libkxld.dylib
0x00007fff25f1d000 	/usr/lib/libsqlite3.dylib
0x00007fff2a28a000 	/System/Library/PrivateFrameworks/AppleFSCompression.framework/Versions/A/AppleFSCompression
0x00007fff29d36000 	/usr/lib/libcoretls.dylib
0x00007fff2a7eb000 	/usr/lib/libpam.2.dylib
0x00007fff2ad10000 	/usr/lib/libxar.1.dylib
0x00007fff29027000 	/System/Library/PrivateFrameworks/AppleSystemInfo.framework/Versions/A/AppleSystemInfo
0x00007fff29979000 	/System/Library/PrivateFrameworks/IOMobileFramebuffer.framework/Versions/A/IOMobileFramebuffer
0x00007fff2a29a000 	/usr/lib/libbz2.1.0.dylib
0x00007fff2a5b7000 	/usr/lib/libiconv.2.dylib
0x00007fff2a50b000 	/usr/lib/libcharset.1.dylib
0x00007fff27183000 	/System/Library/Frameworks/CoreServices.framework/Versions/A/Frameworks/FSEvents.framework/Versions/A/FSEvents
0x00007fff227e9000 	/System/Library/Frameworks/CoreServices.framework/Versions/A/Frameworks/CarbonCore.framework/Versions/A/CarbonCore
0x00007fff264c0000 	/System/Library/Frameworks/CoreServices.framework/Versions/A/Frameworks/Metadata.framework/Versions/A/Metadata
0x00007fff2a2ad000 	/System/Library/Frameworks/CoreServices.framework/Versions/A/Frameworks/OSServices.framework/Versions/A/OSServices
0x00007fff2a72c000 	/System/Library/Frameworks/CoreServices.framework/Versions/A/Frameworks/SearchKit.framework/Versions/A/SearchKit
0x00007fff26241000 	/System/Library/Frameworks/CoreServices.framework/Versions/A/Frameworks/AE.framework/Versions/A/AE
0x00007fff2088f000 	/System/Library/Frameworks/CoreServices.framework/Versions/A/Frameworks/LaunchServices.framework/Versions/A/LaunchServices
0x00007fff2abac000 	/System/Library/Frameworks/CoreServices.framework/Versions/A/Frameworks/DictionaryServices.framework/Versions/A/DictionaryServices
0x00007fff2718c000 	/System/Library/Frameworks/CoreServices.framework/Versions/A/Frameworks/SharedFileList.framework/Versions/A/SharedFileList
0x00007fff29d2a000 	/usr/lib/libCheckFix.dylib
0x00007fff24bd7000 	/System/Library/PrivateFrameworks/TCC.framework/Versions/A/TCC
0x00007fff2902d000 	/System/Library/PrivateFrameworks/CoreNLP.framework/Versions/A/CoreNLP
0x00007fff26473000 	/System/Library/PrivateFrameworks/MetadataUtilities.framework/Versions/A/MetadataUtilities
0x00007fff20f68000 	/usr/lib/libmecabra.dylib
0x00007fff2a03d000 	/System/Library/Frameworks/MLCompute.framework/Versions/A/MLCompute
0x00007fff29d5f000 	/usr/lib/libmecab.dylib
0x00007fff29da9000 	/usr/lib/libgermantok.dylib
0x00007fff2a794000 	/usr/lib/libThaiTokenizer.dylib
0x00007fff2ad4b000 	/usr/lib/libChineseTokenizer.dylib
0x00007fff2a7e9000 	/System/Library/Frameworks/MetalPerformanceShaders.framework/Versions/A/MetalPerformanceShaders
0x00007fff26562000 	/System/Library/Frameworks/Accelerate.framework/Versions/A/Frameworks/vImage.framework/Versions/A/vImage
0x00007fff2ff33000 	/System/Library/Frameworks/Accelerate.framework/Versions/A/Frameworks/vecLib.framework/Versions/A/vecLib
0x00007fff2ad56000 	/System/Library/Frameworks/Accelerate.framework/Versions/A/Frameworks/vecLib.framework/Versions/A/libvMisc.dylib
0x00007fff29792000 	/System/Library/Frameworks/Accelerate.framework/Versions/A/Frameworks/vecLib.framework/Versions/A/libvDSP.dylib
0x00007fff20b93000 	/System/Library/Frameworks/Accelerate.framework/Versions/A/Frameworks/vecLib.framework/Versions/A/libBLAS.dylib
0x00007fff2a80f000 	/System/Library/Frameworks/Accelerate.framework/Versions/A/Frameworks/vecLib.framework/Versions/A/libLAPACK.dylib
0x00007fff29daf000 	/System/Library/Frameworks/Accelerate.framework/Versions/A/Frameworks/vecLib.framework/Versions/A/libLinearAlgebra.dylib
0x00007fff2a7d6000 	/System/Library/Frameworks/Accelerate.framework/Versions/A/Frameworks/vecLib.framework/Versions/A/libSparseBLAS.dylib
0x00007fff2a809000 	/System/Library/Frameworks/Accelerate.framework/Versions/A/Frameworks/vecLib.framework/Versions/A/libQuadrature.dylib
0x00007fff290d5000 	/System/Library/Frameworks/Accelerate.framework/Versions/A/Frameworks/vecLib.framework/Versions/A/libBNNS.dylib
0x00007fff20e45000 	/System/Library/Frameworks/Accelerate.framework/Versions/A/Frameworks/vecLib.framework/Versions/A/libSparse.dylib
0x00007fff28fc0000 	/System/Library/Frameworks/MetalPerformanceShaders.framework/Versions/A/Frameworks/MPSCore.framework/Versions/A/MPSCore
0x00007fff2a1f9000 	/System/Library/Frameworks/MetalPerformanceShaders.framework/Versions/A/Frameworks/MPSImage.framework/Versions/A/MPSImage
0x00007fff29dc5000 	/System/Library/Frameworks/MetalPerformanceShaders.framework/Versions/A/Frameworks/MPSNeuralNetwork.framework/Versions/A/MPSNeuralNetwork
0x00007fff2a184000 	/System/Library/Frameworks/MetalPerformanceShaders.framework/Versions/A/Frameworks/MPSMatrix.framework/Versions/A/MPSMatrix
0x00007fff29fed000 	/System/Library/Frameworks/MetalPerformanceShaders.framework/Versions/A/Frameworks/MPSRayIntersector.framework/Versions/A/MPSRayIntersector
0x00007fff2a1bb000 	/System/Library/Frameworks/MetalPerformanceShaders.framework/Versions/A/Frameworks/MPSNDArray.framework/Versions/A/MPSNDArray
0x00007fff20abf000 	/System/Library/PrivateFrameworks/MetalTools.framework/Versions/A/MetalTools
0x00007fff29025000 	/System/Library/PrivateFrameworks/AggregateDictionary.framework/Versions/A/AggregateDictionary
0x00007fff2644b000 	/System/Library/PrivateFrameworks/CoreAnalytics.framework/Versions/A/CoreAnalytics
0x00007fff2a796000 	/System/Library/PrivateFrameworks/AppleSauce.framework/Versions/A/AppleSauce
0x00007fff28333000 	/System/Library/PrivateFrameworks/IOAccelerator.framework/Versions/A/IOAccelerator
0x00007fff6c84b000 	/System/Library/Frameworks/OpenGL.framework/Versions/A/Libraries/libCoreFSCache.dylib
0x00007fff21504000 	/System/Library/PrivateFrameworks/LanguageModeling.framework/Versions/A/LanguageModeling
0x00007fff29966000 	/System/Library/PrivateFrameworks/CoreEmoji.framework/Versions/A/CoreEmoji
0x00007fff290ce000 	/System/Library/PrivateFrameworks/LinguisticData.framework/Versions/A/LinguisticData
0x00007fff20df7000 	/System/Library/PrivateFrameworks/Lexicon.framework/Versions/A/Lexicon
0x00007fff2a6a8000 	/usr/lib/libcmph.dylib
0x00007fff27163000 	/System/Library/Frameworks/OpenDirectory.framework/Versions/A/Frameworks/CFOpenDirectory.framework/Versions/A/CFOpenDirectory
0x00007fff27153000 	/System/Library/Frameworks/OpenDirectory.framework/Versions/A/OpenDirectory
0x00007fff2ac16000 	/System/Library/PrivateFrameworks/APFS.framework/Versions/A/APFS
0x00007fff29c8b000 	/System/Library/Frameworks/SecurityFoundation.framework/Versions/A/SecurityFoundation
0x00007fff2ad1e000 	/usr/lib/libutil.dylib
0x00007fff22b10000 	/System/Library/PrivateFrameworks/CoreServicesStore.framework/Versions/A/CoreServicesStore
0x00007fff29d22000 	/System/Library/Frameworks/ServiceManagement.framework/Versions/A/ServiceManagement
0x00007fff2ad22000 	/usr/lib/libxslt.1.dylib
0x00007fff29d18000 	/System/Library/PrivateFrameworks/BackgroundTaskManagement.framework/Versions/A/BackgroundTaskManagement
0x00007fff2bd13000 	/System/Library/Frameworks/ImageIO.framework/Versions/A/Resources/libRadiance.dylib
0x00007fff2bd1d000 	/System/Library/Frameworks/ImageIO.framework/Versions/A/Resources/libJPEG.dylib
0x00007fff2bc6c000 	/System/Library/Frameworks/ImageIO.framework/Versions/A/Resources/libPng.dylib
0x00007fff2bc93000 	/System/Library/Frameworks/ImageIO.framework/Versions/A/Resources/libTIFF.dylib
0x00007fff2bd72000 	/System/Library/Frameworks/ImageIO.framework/Versions/A/Resources/libGIF.dylib
0x00007fff2b9cf000 	/System/Library/Frameworks/ImageIO.framework/Versions/A/Resources/libJP2.dylib
0x00007fff2b0b9000 	/usr/lib/libexpat.1.dylib
0x00007fff2b984000 	/System/Library/PrivateFrameworks/AppleJPEG.framework/Versions/A/AppleJPEG
0x00007fff28569000 	/System/Library/PrivateFrameworks/FontServices.framework/libFontParser.dylib
0x00007fff261f5000 	/System/Library/PrivateFrameworks/RunningBoardServices.framework/Versions/A/RunningBoardServices
0x00007fff2baae000 	/System/Library/PrivateFrameworks/WatchdogClient.framework/Versions/A/WatchdogClient
0x00007fff215f1000 	/System/Library/Frameworks/CoreDisplay.framework/Versions/A/CoreDisplay
0x00007fff2847f000 	/System/Library/Frameworks/CoreMedia.framework/Versions/A/CoreMedia
0x00007fff272e0000 	/System/Library/Frameworks/CoreVideo.framework/Versions/A/CoreVideo
0x00007fff2bae6000 	/System/Library/Frameworks/VideoToolbox.framework/Versions/A/VideoToolbox
0x00007fff26173000 	/System/Library/PrivateFrameworks/BaseBoard.framework/Versions/A/BaseBoard
0x00007fff2b1fe000 	/System/Library/PrivateFrameworks/PersistentConnection.framework/Versions/A/PersistentConnection
0x00007fff25f06000 	/System/Library/PrivateFrameworks/ProtocolBuffer.framework/Versions/A/ProtocolBuffer
0x00007fff2615a000 	/System/Library/PrivateFrameworks/CommonUtilities.framework/Versions/A/CommonUtilities
0x00007fff2b919000 	/System/Library/PrivateFrameworks/Bom.framework/Versions/A/Bom
0x00007fff2bd0c000 	/System/Library/PrivateFrameworks/GPUWrangler.framework/Versions/A/GPUWrangler
0x00007fff2bcf1000 	/System/Library/PrivateFrameworks/IOPresentment.framework/Versions/A/IOPresentment
0x00007fff2bd17000 	/System/Library/PrivateFrameworks/DSExternalDisplay.framework/Versions/A/DSExternalDisplay
0x00007fff2bd77000 	/System/Library/PrivateFrameworks/CMCaptureCore.framework/Versions/A/CMCaptureCore
0x00007fff2b69e000 	/System/Library/PrivateFrameworks/AppServerSupport.framework/Versions/A/AppServerSupport
0x00007fff2d74a000 	/System/Library/PrivateFrameworks/perfdata.framework/Versions/A/perfdata
0x00007fff29c7a000 	/System/Library/PrivateFrameworks/AssertionServices.framework/Versions/A/AssertionServices
0x00007fff21728000 	/System/Library/PrivateFrameworks/AudioToolboxCore.framework/Versions/A/AudioToolboxCore
0x00007fff28462000 	/System/Library/PrivateFrameworks/caulk.framework/Versions/A/caulk
0x00007fff3d3d7000 	/System/Library/PrivateFrameworks/SystemPolicy.framework/Versions/A/SystemPolicy
0x00007fff2aeae000 	/usr/lib/libIOReport.dylib
0x00007fff2cf6c000 	/usr/lib/libSMC.dylib
0x00007fff2bc39000 	/usr/lib/libAudioToolboxUtility.dylib
0x00007fff3dd41000 	/usr/lib/libmis.dylib
0x00007fff6c8a7000 	/System/Library/Frameworks/OpenGL.framework/Versions/A/Libraries/libGLU.dylib
0x00007fff6c86a000 	/System/Library/Frameworks/OpenGL.framework/Versions/A/Libraries/libGFXShared.dylib
0x00007fff6ca79000 	/System/Library/Frameworks/OpenGL.framework/Versions/A/Libraries/libGL.dylib
0x00007fff6c873000 	/System/Library/Frameworks/OpenGL.framework/Versions/A/Libraries/libGLImage.dylib
0x00007fff6c867000 	/System/Library/Frameworks/OpenGL.framework/Versions/A/Libraries/libCVMSPluginSupport.dylib
0x00007fff6c852000 	/System/Library/Frameworks/OpenGL.framework/Versions/A/Libraries/libCoreVMClient.dylib
0x00007fff6deba000 	/System/Library/Frameworks/OpenCL.framework/Versions/A/OpenCL
0x00007fff2b228000 	/System/Library/PrivateFrameworks/GraphVisualizer.framework/Versions/A/GraphVisualizer
0x00007fff2b237000 	/System/Library/PrivateFrameworks/FaceCore.framework/Versions/A/FaceCore
0x00007fff2b653000 	/System/Library/PrivateFrameworks/OTSVG.framework/Versions/A/OTSVG
0x00007fff26ed7000 	/System/Library/Frameworks/ApplicationServices.framework/Versions/A/Frameworks/ATS.framework/Versions/A/Resources/libFontRegistry.dylib
0x00007fff2b6a5000 	/System/Library/PrivateFrameworks/FontServices.framework/libhvf.dylib
0x00007fff2b065000 	/System/Library/PrivateFrameworks/AppleVA.framework/Versions/A/AppleVA
0x00007fff2cdb5000 	/System/Library/Frameworks/ApplicationServices.framework/Versions/A/Frameworks/ATS.framework/Versions/A/ATS
0x00007fff2d0c7000 	/System/Library/Frameworks/ApplicationServices.framework/Versions/A/Frameworks/ColorSyncLegacy.framework/Versions/A/ColorSyncLegacy
0x00007fff256e0000 	/System/Library/Frameworks/ApplicationServices.framework/Versions/A/Frameworks/HIServices.framework/Versions/A/HIServices
0x00007fff2d0ac000 	/System/Library/Frameworks/ApplicationServices.framework/Versions/A/Frameworks/LangAnalysis.framework/Versions/A/LangAnalysis
0x00007fff2bd81000 	/System/Library/Frameworks/ApplicationServices.framework/Versions/A/Frameworks/PrintCore.framework/Versions/A/PrintCore
0x00007fff2d0cf000 	/System/Library/Frameworks/ApplicationServices.framework/Versions/A/Frameworks/QD.framework/Versions/A/QD
0x00007fff2cda5000 	/System/Library/Frameworks/ApplicationServices.framework/Versions/A/Frameworks/SpeechSynthesis.framework/Versions/A/SpeechSynthesis
0x00007fff2bd42000 	/System/Library/Frameworks/ApplicationServices.framework/Versions/A/Frameworks/ATSUI.framework/Versions/A/ATSUI
0x00007fff2d04c000 	/usr/lib/libcups.2.dylib
0x00007fff2d0bc000 	/System/Library/PrivateFrameworks/NetAuth.framework/Versions/A/NetAuth
0x00007fff2d766000 	/System/Library/Frameworks/Kerberos.framework/Versions/A/Kerberos
0x00007fff2d776000 	/System/Library/Frameworks/GSS.framework/Versions/A/GSS
0x00007fff2ce21000 	/usr/lib/libresolv.9.dylib
0x00007fff2b6ba000 	/System/Library/PrivateFrameworks/Heimdal.framework/Versions/A/Heimdal
0x00007fff334ed000 	/System/Library/Frameworks/Kerberos.framework/Versions/A/Libraries/libHeimdalProxy.dylib
0x00007fff262c6000 	/System/Library/Frameworks/Network.framework/Versions/A/Network
0x00007fff2b0d3000 	/usr/lib/libheimdal-asn1.dylib
0x00007fff2d7c6000 	/System/Library/PrivateFrameworks/CommonAuth.framework/Versions/A/CommonAuth
0x00007fff2732d000 	/System/Library/PrivateFrameworks/login.framework/Versions/A/Frameworks/loginsupport.framework/Versions/A/loginsupport
0x00007fff2cd2a000 	/System/Library/PrivateFrameworks/AudioSession.framework/Versions/A/AudioSession
0x00007fff2cd92000 	/usr/lib/libAudioStatistics.dylib
0x00007fff2b160000 	/System/Library/PrivateFrameworks/MediaExperience.framework/Versions/A/MediaExperience
0x00007fff2cbc7000 	/System/Library/PrivateFrameworks/AudioSession.framework/libSessionUtility.dylib
0x00007fff2d757000 	/usr/lib/libperfcheck.dylib
0x00007fff2d0db000 	/System/Library/PrivateFrameworks/AudioResourceArbitration.framework/Versions/A/AudioResourceArbitration
0x00007fff2b0dd000 	/System/Library/PrivateFrameworks/IconFoundation.framework/Versions/A/IconFoundation
0x00007fff2fbfd000 	/System/Library/PrivateFrameworks/SpeechRecognitionCore.framework/Versions/A/SpeechRecognitionCore
0x00007fff5dca6000 	/System/Library/CoreServices/Encodings/libSimplifiedChineseConverter.dylib
0x00000001008b3000 	/Library/Java/JavaVirtualMachines/jdk1.8.0_251.jdk/Contents/Home/jre/lib/server/libjvm.dylib
0x00007fff78ae6000 	/usr/lib/libstdc++.6.dylib
0x0000000101871000 	/Library/Java/JavaVirtualMachines/jdk1.8.0_251.jdk/Contents/Home/jre/lib/libverify.dylib
0x000000010187f000 	/Library/Java/JavaVirtualMachines/jdk1.8.0_251.jdk/Contents/Home/jre/lib/libjava.dylib
0x00000001018b6000 	/Library/Java/JavaVirtualMachines/jdk1.8.0_251.jdk/Contents/Home/jre/lib/libinstrument.dylib
0x0000000101922000 	/Library/Java/JavaVirtualMachines/jdk1.8.0_251.jdk/Contents/Home/jre/lib/libzip.dylib
0x00000001026e4000 	/Library/Java/JavaVirtualMachines/jdk1.8.0_251.jdk/Contents/Home/jre/lib/libnet.dylib
0x0000000124cc2000 	/private/var/folders/2c/7k6j11rd3m942v6_5s4zc32m0000gn/T/nativelib-loader_7963387910955530961/libunicorn_java.dylib

VM Arguments:
jvm_args: -javaagent:/Applications/IntelliJ IDEA.app/Contents/lib/idea_rt.jar=63260:/Applications/IntelliJ IDEA.app/Contents/bin -Dfile.encoding=UTF-8 
java_command: com.bxlong.xxdbg.AndroidEmulateTest
java_class_path (initial): /Library/Java/JavaVirtualMachines/jdk1.8.0_251.jdk/Contents/Home/jre/lib/charsets.jar:/Library/Java/JavaVirtualMachines/jdk1.8.0_251.jdk/Contents/Home/jre/lib/deploy.jar:/Library/Java/JavaVirtualMachines/jdk1.8.0_251.jdk/Contents/Home/jre/lib/ext/cldrdata.jar:/Library/Java/JavaVirtualMachines/jdk1.8.0_251.jdk/Contents/Home/jre/lib/ext/dnsns.jar:/Library/Java/JavaVirtualMachines/jdk1.8.0_251.jdk/Contents/Home/jre/lib/ext/jaccess.jar:/Library/Java/JavaVirtualMachines/jdk1.8.0_251.jdk/Contents/Home/jre/lib/ext/jfxrt.jar:/Library/Java/JavaVirtualMachines/jdk1.8.0_251.jdk/Contents/Home/jre/lib/ext/localedata.jar:/Library/Java/JavaVirtualMachines/jdk1.8.0_251.jdk/Contents/Home/jre/lib/ext/nashorn.jar:/Library/Java/JavaVirtualMachines/jdk1.8.0_251.jdk/Contents/Home/jre/lib/ext/sunec.jar:/Library/Java/JavaVirtualMachines/jdk1.8.0_251.jdk/Contents/Home/jre/lib/ext/sunjce_provider.jar:/Library/Java/JavaVirtualMachines/jdk1.8.0_251.jdk/Contents/Home/jre/lib/ext/sunpkcs11.jar:/Library/Java/JavaVirtualMachines/jdk1.8.0_251.jdk/Contents/Home/jre/lib/ext/zipfs.jar:/Library/Java/JavaVirtualMachines/jdk1.8.0_251.jdk/Contents/Home/jre/lib/javaws.jar:/Library/Java/JavaVirtualMachines/jdk1.8.0_251.jdk/Contents/Home/jre/lib/jce.jar:/Library/Java/JavaVirtualMachines/jdk1.8.0_251.jdk/Contents/Home/jre/lib/jfr.jar:/Library/Java/JavaVirtualMachines/jdk1.8.0_251.jdk/Contents/Home/jre/lib/jfxswt.jar:/Library/Java/JavaVirtualMachines/jdk1.8.0_251.jdk/Contents/Home/jre/lib/jsse.jar:/Library/Java/JavaVirtualMachines/jdk1.8.0_251.jdk/Contents/Home/jre/lib/management-agent.jar:/Library/Java/JavaVirtualMachines/jdk1.8.0_251.jdk/Contents/Home/jre/lib/plugin.jar:/Library/Java/JavaVirtualMachines/jdk1.8.0_251.jdk/Contents/Home/jre/lib/resources.jar:/Library/Java/JavaVirtualMachines/jdk1.8.0_251.jdk/Contents/Home/jre/lib/rt.jar:/Library/Java/JavaVirtualMachines/jdk1.8.0_251.jdk/Contents/Home/lib/ant-javafx.jar:/Library/Java/JavaVirtualMachines/jdk1.8.0_251.jdk/Contents/Home
Launcher Type: SUN_STANDARD

Environment Variables:
PATH=/usr/local/bin:/usr/local/sbin:/usr/local/bin:/usr/bin:/bin:/usr/sbin:/sbin:/Applications/VMware Fusion.app/Contents/Public:/usr/local/share/dotnet:~/.dotnet/tools:/Library/Apple/usr/bin:/Library/Frameworks/Mono.framework/Versions/Current/Commands
SHELL=/bin/sh

Signal Handlers:
SIGSEGV: [libjvm.dylib+0x5bc2ff], sa_mask[0]=11111111011111110111111111111111, sa_flags=SA_ONSTACK|SA_RESTART|SA_SIGINFO
SIGBUS: [libjvm.dylib+0x5bc2ff], sa_mask[0]=11111111011111110111111111111111, sa_flags=SA_RESTART|SA_SIGINFO
SIGFPE: [libjvm.dylib+0x48d41c], sa_mask[0]=11111111011111110111111111111111, sa_flags=SA_RESTART|SA_SIGINFO
SIGPIPE: [libjvm.dylib+0x48d41c], sa_mask[0]=11111111011111110111111111111111, sa_flags=SA_RESTART|SA_SIGINFO
SIGXFSZ: [libjvm.dylib+0x48d41c], sa_mask[0]=11111111011111110111111111111111, sa_flags=SA_RESTART|SA_SIGINFO
SIGILL: [libjvm.dylib+0x48d41c], sa_mask[0]=11111111011111110111111111111111, sa_flags=SA_RESTART|SA_SIGINFO
SIGUSR1: SIG_DFL, sa_mask[0]=00000000000000000000000000000000, sa_flags=none
SIGUSR2: [libjvm.dylib+0x48cf3a], sa_mask[0]=00100000000000000000000000000000, sa_flags=SA_RESTART|SA_SIGINFO
SIGHUP: [libjvm.dylib+0x48b4c5], sa_mask[0]=11111111011111110111111111111111, sa_flags=SA_RESTART|SA_SIGINFO
SIGINT: [libjvm.dylib+0x48b4c5], sa_mask[0]=11111111011111110111111111111111, sa_flags=SA_RESTART|SA_SIGINFO
SIGTERM: [libjvm.dylib+0x48b4c5], sa_mask[0]=11111111011111110111111111111111, sa_flags=SA_RESTART|SA_SIGINFO
SIGQUIT: [libjvm.dylib+0x48b4c5], sa_mask[0]=11111111011111110111111111111111, sa_flags=SA_RESTART|SA_SIGINFO


---------------  S Y S T E M  ---------------

OS:Bsduname:Darwin 20.2.0 Darwin Kernel Version 20.2.0: Wed Dec  2 20:39:59 PST 2020; root:xnu-7195.60.75~1/RELEASE_X86_64 x86_64
rlimit: STACK 8192k, CORE 0k, NPROC 2784, NOFILE 10240, AS infinity
load average:1.82 2.04 2.09

CPU:total 16 (initial active 16) (8 cores per cpu, 2 threads per core) family 6 model 158 stepping 13, cmov, cx8, fxsr, mmx, sse, sse2, sse3, ssse3, sse4.1, sse4.2, popcnt, avx, avx2, aes, clmul, erms, 3dnowpref, lzcnt, ht, tsc, tscinvbit, bmi1, bmi2, adx

Memory: 4k page, physical 16777216k(1338548k free)

/proc/meminfo:


vm_info: Java HotSpot(TM) 64-Bit Server VM (25.251-b08) for bsd-amd64 JRE (1.8.0_251-b08), built on Mar 12 2020 02:36:37 by "java_re" with gcc 4.2.1 (Based on Apple Inc. build 5658) (LLVM build 2336.11.00)

time: Mon Sep 27 15:26:39 2021
timezone: CST
elapsed time: 1 seconds (0d 0h 0m 1s)

